
  .   ____          _            __ _ _
 /\\ / ___'_ __ _ _(_)_ __  __ _ \ \ \ \
( ( )\___ | '_ | '_| | '_ \/ _` | \ \ \ \
 \\/  ___)| |_)| | | | | || (_| |  ) ) ) )
  '  |____| .__|_| |_|_| |_\__, | / / / /
 =========|_|==============|___/=/_/_/_/
 :: Spring Boot ::                (v3.2.4)

2026-04-16T15:08:39.434+07:00  INFO 30028 --- [           main] com.simplechat.SimpleChatApplication     : Starting SimpleChatApplication using Java 21.0.9 with PID 30028 (D:\HK225\LAP_TRINH_MANG\THUC_HANH\CHAT\WEB_CHAT\SimpleChatWebSocket\target\classes started by ADMIN in D:\HK225\LAP_TRINH_MANG\THUC_HANH\CHAT\WEB_CHAT\SimpleChatWebSocket)
2026-04-16T15:08:39.437+07:00 DEBUG 30028 --- [           main] com.simplechat.SimpleChatApplication     : Running with Spring Boot v3.2.4, Spring v6.1.5
2026-04-16T15:08:39.439+07:00  INFO 30028 --- [           main] com.simplechat.SimpleChatApplication     : No active profile set, falling back to 1 default profile: "default"
2026-04-16T15:08:47.115+07:00  WARN 30028 --- [           main] org.hibernate.orm.deprecation            : HHH90000025: SQLServerDialect does not need to be specified explicitly using 'hibernate.dialect' (remove the property setting and it will be selected by default)
2026-04-16T15:08:53.160+07:00  WARN 30028 --- [           main] JpaBaseConfiguration$JpaWebConfiguration : spring.jpa.open-in-view is enabled by default. Therefore, database queries may be performed during view rendering. Explicitly configure spring.jpa.open-in-view to disable this warning
2026-04-16T15:08:53.258+07:00  WARN 30028 --- [           main] .s.s.UserDetailsServiceAutoConfiguration : 

Using generated security password: 60e0f097-db30-465a-a12a-fd8c4fb687f7

This generated password is for development use only. Your security configuration must be updated before running your application in production.

2026-04-16T15:08:53.834+07:00  INFO 30028 --- [           main] o.s.s.web.DefaultSecurityFilterChain     : Will secure any request with [org.springframework.security.web.session.DisableEncodeUrlFilter@5cc088a8, org.springframework.security.web.context.request.async.WebAsyncManagerIntegrationFilter@25777ab6, org.springframework.security.web.context.SecurityContextHolderFilter@529a2d6f, org.springframework.security.web.header.HeaderWriterFilter@412bb41f, org.springframework.web.filter.CorsFilter@38ebf8dc, org.springframework.security.web.authentication.logout.LogoutFilter@61563a91, org.springframework.security.web.savedrequest.RequestCacheAwareFilter@3d28c0af, org.springframework.security.web.servletapi.SecurityContextHolderAwareRequestFilter@1ff584d7, org.springframework.security.web.authentication.AnonymousAuthenticationFilter@37d12d0e, org.springframework.security.web.session.SessionManagementFilter@1cb09347, org.springframework.security.web.access.ExceptionTranslationFilter@11893180, org.springframework.security.web.access.intercept.AuthorizationFilter@4437af21]
2026-04-16T15:08:55.154+07:00  INFO 30028 --- [           main] com.simplechat.SimpleChatApplication     : Started SimpleChatApplication in 16.739 seconds (process running for 17.563)
Hibernate: 
    /* select
        count(*) 
    from
        User x */ select
            count_big(*) 
        from
            users u1_0
? Database ready. Users in database: 7
=========================================
Simple Chat Application Started!
Access: http://localhost:8080/SimpleChatWebSocket/
API: http://localhost:8080/SimpleChatWebSocket/api
=========================================
2026-04-16T15:09:13.063+07:00  INFO 30028 --- [nio-8080-exec-9] o.s.web.servlet.DispatcherServlet        : Initializing Servlet 'dispatcherServlet'
2026-04-16T15:09:13.065+07:00  INFO 30028 --- [nio-8080-exec-9] o.s.web.servlet.DispatcherServlet        : Completed initialization in 2 ms
2026-04-16T15:09:13.070+07:00 DEBUG 30028 --- [nio-8080-exec-9] o.s.security.web.FilterChainProxy        : Securing GET /api/admin/analytics
2026-04-16T15:09:13.077+07:00 DEBUG 30028 --- [nio-8080-exec-9] o.s.s.w.a.AnonymousAuthenticationFilter  : Set SecurityContextHolder to anonymous SecurityContext
2026-04-16T15:09:13.078+07:00 DEBUG 30028 --- [nio-8080-exec-9] o.s.security.web.FilterChainProxy        : Secured GET /api/admin/analytics
Hibernate: 
    /* select
        count(*) 
    from
        User x */ select
            count_big(*) 
        from
            users u1_0
Hibernate: 
    /* select
        count(*) 
    from
        Channel x */ select
            count_big(*) 
        from
            channels c1_0
Hibernate: 
    /* select
        count(*) 
    from
        Message x */ select
            count_big(*) 
        from
            messages m1_0
[DEBUG] userRepository.count() = 7
[DEBUG] channelRepository.count() = 5
[DEBUG] messageRepository.count() = 10
Hibernate: 
    /* <criteria> */ select
        u1_0.user_id,
        u1_0.avatar_url,
        u1_0.created_at,
        u1_0.email,
        u1_0.full_name,
        u1_0.last_login,
        u1_0.password_hash,
        u1_0.role,
        u1_0.status,
        u1_0.updated_at,
        u1_0.username 
    from
        users u1_0
Hibernate: 
    /* <criteria> */ select
        u1_0.user_id,
        u1_0.avatar_url,
        u1_0.created_at,
        u1_0.email,
        u1_0.full_name,
        u1_0.last_login,
        u1_0.password_hash,
        u1_0.role,
        u1_0.status,
        u1_0.updated_at,
        u1_0.username 
    from
        users u1_0
Hibernate: 
    /* select
        count(*) 
    from
        Task x */ select
            count_big(*) 
        from
            tasks t1_0
Hibernate: 
    /* <criteria> */ select
        t1_0.task_id,
        t1_0.channel_id,
        t1_0.created_at,
        t1_0.created_by,
        t1_0.message_id,
        t1_0.status,
        t1_0.task_type,
        t1_0.title 
    from
        tasks t1_0
Hibernate: 
    select
        c1_0.channel_id,
        c1_0.channel_name,
        c1_0.channel_type,
        c1_0.created_at,
        c1_0.created_by,
        cb1_0.user_id,
        cb1_0.avatar_url,
        cb1_0.created_at,
        cb1_0.email,
        cb1_0.full_name,
        cb1_0.last_login,
        cb1_0.password_hash,
        cb1_0.role,
        cb1_0.status,
        cb1_0.updated_at,
        cb1_0.username,
        c1_0.description,
        c1_0.is_active,
        c1_0.member_count,
        c1_0.message_count 
    from
        channels c1_0 
    join
        users cb1_0 
            on cb1_0.user_id=c1_0.created_by 
    where
        c1_0.channel_id=?
Hibernate: 
    select
        m1_0.message_id,
        m1_0.channel_id,
        c1_0.channel_id,
        c1_0.channel_name,
        c1_0.channel_type,
        c1_0.created_at,
        c1_0.created_by,
        cb1_0.user_id,
        cb1_0.avatar_url,
        cb1_0.created_at,
        cb1_0.email,
        cb1_0.full_name,
        cb1_0.last_login,
        cb1_0.password_hash,
        cb1_0.role,
        cb1_0.status,
        cb1_0.updated_at,
        cb1_0.username,
        c1_0.description,
        c1_0.is_active,
        c1_0.member_count,
        c1_0.message_count,
        m1_0.content,
        m1_0.created_at,
        m1_0.deleted_at,
        db1_0.user_id,
        db1_0.avatar_url,
        db1_0.created_at,
        db1_0.email,
        db1_0.full_name,
        db1_0.last_login,
        db1_0.password_hash,
        db1_0.role,
        db1_0.status,
        db1_0.updated_at,
        db1_0.username,
        m1_0.edited_at,
        m1_0.is_deleted,
        m1_0.message_type,
        m1_0.user_id,
        u1_0.user_id,
        u1_0.avatar_url,
        u1_0.created_at,
        u1_0.email,
        u1_0.full_name,
        u1_0.last_login,
        u1_0.password_hash,
        u1_0.role,
        u1_0.status,
        u1_0.updated_at,
        u1_0.username 
    from
        messages m1_0 
    join
        channels c1_0 
            on c1_0.channel_id=m1_0.channel_id 
    left join
        users cb1_0 
            on cb1_0.user_id=c1_0.created_by 
    left join
        users db1_0 
            on db1_0.user_id=m1_0.deleted_by 
    join
        users u1_0 
            on u1_0.user_id=m1_0.user_id 
    where
        m1_0.message_id=?
Hibernate: 
    select
        c1_0.channel_id,
        c1_0.channel_name,
        c1_0.channel_type,
        c1_0.created_at,
        c1_0.created_by,
        cb1_0.user_id,
        cb1_0.avatar_url,
        cb1_0.created_at,
        cb1_0.email,
        cb1_0.full_name,
        cb1_0.last_login,
        cb1_0.password_hash,
        cb1_0.role,
        cb1_0.status,
        cb1_0.updated_at,
        cb1_0.username,
        c1_0.description,
        c1_0.is_active,
        c1_0.member_count,
        c1_0.message_count 
    from
        channels c1_0 
    join
        users cb1_0 
            on cb1_0.user_id=c1_0.created_by 
    where
        c1_0.channel_id=?
Hibernate: 
    select
        m1_0.message_id,
        m1_0.channel_id,
        c1_0.channel_id,
        c1_0.channel_name,
        c1_0.channel_type,
        c1_0.created_at,
        c1_0.created_by,
        cb1_0.user_id,
        cb1_0.avatar_url,
        cb1_0.created_at,
        cb1_0.email,
        cb1_0.full_name,
        cb1_0.last_login,
        cb1_0.password_hash,
        cb1_0.role,
        cb1_0.status,
        cb1_0.updated_at,
        cb1_0.username,
        c1_0.description,
        c1_0.is_active,
        c1_0.member_count,
        c1_0.message_count,
        m1_0.content,
        m1_0.created_at,
        m1_0.deleted_at,
        db1_0.user_id,
        db1_0.avatar_url,
        db1_0.created_at,
        db1_0.email,
        db1_0.full_name,
        db1_0.last_login,
        db1_0.password_hash,
        db1_0.role,
        db1_0.status,
        db1_0.updated_at,
        db1_0.username,
        m1_0.edited_at,
        m1_0.is_deleted,
        m1_0.message_type,
        m1_0.user_id,
        u1_0.user_id,
        u1_0.avatar_url,
        u1_0.created_at,
        u1_0.email,
        u1_0.full_name,
        u1_0.last_login,
        u1_0.password_hash,
        u1_0.role,
        u1_0.status,
        u1_0.updated_at,
        u1_0.username 
    from
        messages m1_0 
    join
        channels c1_0 
            on c1_0.channel_id=m1_0.channel_id 
    left join
        users cb1_0 
            on cb1_0.user_id=c1_0.created_by 
    left join
        users db1_0 
            on db1_0.user_id=m1_0.deleted_by 
    join
        users u1_0 
            on u1_0.user_id=m1_0.user_id 
    where
        m1_0.message_id=?
Hibernate: 
    /* <criteria> */ select
        t1_0.task_id,
        t1_0.channel_id,
        t1_0.created_at,
        t1_0.created_by,
        t1_0.message_id,
        t1_0.status,
        t1_0.task_type,
        t1_0.title 
    from
        tasks t1_0
2026-04-16T15:09:25.287+07:00 DEBUG 30028 --- [nio-8080-exec-6] o.s.security.web.FilterChainProxy        : Securing GET /admin-dashboard.html
2026-04-16T15:09:25.288+07:00 DEBUG 30028 --- [nio-8080-exec-6] o.s.s.w.a.AnonymousAuthenticationFilter  : Set SecurityContextHolder to anonymous SecurityContext
2026-04-16T15:09:25.288+07:00 DEBUG 30028 --- [nio-8080-exec-6] o.s.s.w.session.SessionManagementFilter  : Request requested invalid session id 663CCA92533A2590FE9CDEA32266E912
2026-04-16T15:09:25.288+07:00 DEBUG 30028 --- [nio-8080-exec-6] o.s.security.web.FilterChainProxy        : Secured GET /admin-dashboard.html
2026-04-16T15:09:25.355+07:00 DEBUG 30028 --- [nio-8080-exec-8] o.s.security.web.FilterChainProxy        : Securing GET /api/admin/users
2026-04-16T15:09:25.357+07:00 DEBUG 30028 --- [nio-8080-exec-5] o.s.security.web.FilterChainProxy        : Securing GET /api/admin/analytics
2026-04-16T15:09:25.358+07:00 DEBUG 30028 --- [nio-8080-exec-3] o.s.security.web.FilterChainProxy        : Securing GET /api/admin/logs?page=1&pageSize=5
2026-04-16T15:09:25.355+07:00 DEBUG 30028 --- [nio-8080-exec-7] o.s.security.web.FilterChainProxy        : Securing GET /api/users/channels
2026-04-16T15:09:25.358+07:00 DEBUG 30028 --- [nio-8080-exec-5] o.s.s.w.a.AnonymousAuthenticationFilter  : Set SecurityContextHolder to anonymous SecurityContext
2026-04-16T15:09:25.362+07:00 DEBUG 30028 --- [nio-8080-exec-5] o.s.s.w.session.SessionManagementFilter  : Request requested invalid session id 663CCA92533A2590FE9CDEA32266E912
2026-04-16T15:09:25.362+07:00 DEBUG 30028 --- [nio-8080-exec-8] o.s.s.w.a.AnonymousAuthenticationFilter  : Set SecurityContextHolder to anonymous SecurityContext
2026-04-16T15:09:25.363+07:00 DEBUG 30028 --- [nio-8080-exec-8] o.s.s.w.session.SessionManagementFilter  : Request requested invalid session id 663CCA92533A2590FE9CDEA32266E912
2026-04-16T15:09:25.363+07:00 DEBUG 30028 --- [nio-8080-exec-8] o.s.security.web.FilterChainProxy        : Secured GET /api/admin/users
2026-04-16T15:09:25.363+07:00 DEBUG 30028 --- [nio-8080-exec-7] o.s.s.w.a.AnonymousAuthenticationFilter  : Set SecurityContextHolder to anonymous SecurityContext
2026-04-16T15:09:25.364+07:00 DEBUG 30028 --- [nio-8080-exec-7] o.s.s.w.session.SessionManagementFilter  : Request requested invalid session id 663CCA92533A2590FE9CDEA32266E912
2026-04-16T15:09:25.359+07:00 DEBUG 30028 --- [nio-8080-exec-3] o.s.s.w.a.AnonymousAuthenticationFilter  : Set SecurityContextHolder to anonymous SecurityContext
2026-04-16T15:09:25.367+07:00 DEBUG 30028 --- [nio-8080-exec-3] o.s.s.w.session.SessionManagementFilter  : Request requested invalid session id 663CCA92533A2590FE9CDEA32266E912
2026-04-16T15:09:25.367+07:00 DEBUG 30028 --- [nio-8080-exec-5] o.s.security.web.FilterChainProxy        : Secured GET /api/admin/analytics
2026-04-16T15:09:25.367+07:00 DEBUG 30028 --- [nio-8080-exec-7] o.s.security.web.FilterChainProxy        : Secured GET /api/users/channels
2026-04-16T15:09:25.382+07:00 DEBUG 30028 --- [nio-8080-exec-3] o.s.security.web.FilterChainProxy        : Secured GET /api/admin/logs?page=1&pageSize=5
Hibernate: 
    /* <criteria> */ select
        u1_0.user_id,
        u1_0.avatar_url,
        u1_0.created_at,
        u1_0.email,
        u1_0.full_name,
        u1_0.last_login,
        u1_0.password_hash,
        u1_0.role,
        u1_0.status,
        u1_0.updated_at,
        u1_0.username 
    from
        users u1_0
Hibernate: 
    /* <criteria> */ select
        c1_0.channel_id,
        c1_0.channel_name,
        c1_0.channel_type,
        c1_0.created_at,
        c1_0.created_by,
        c1_0.description,
        c1_0.is_active,
        c1_0.member_count,
        c1_0.message_count 
    from
        channels c1_0
Hibernate: 
    /* select
        count(*) 
    from
        User x */ select
            count_big(*) 
        from
            users u1_0
Hibernate: 
    select
        u1_0.user_id,
        u1_0.avatar_url,
        u1_0.created_at,
        u1_0.email,
        u1_0.full_name,
        u1_0.last_login,
        u1_0.password_hash,
        u1_0.role,
        u1_0.status,
        u1_0.updated_at,
        u1_0.username 
    from
        users u1_0 
    where
        u1_0.user_id=?
Hibernate: 
    /* select
        count(*) 
    from
        Channel x */ select
            count_big(*) 
        from
            channels c1_0
Hibernate: 
    /* select
        count(*) 
    from
        Message x */ select
            count_big(*) 
        from
            messages m1_0
[DEBUG] userRepository.count() = 7
[DEBUG] channelRepository.count() = 5
[DEBUG] messageRepository.count() = 10
Hibernate: 
    /* <criteria> */ select
        al1_0.log_id,
        al1_0.action,
        al1_0.created_at,
        al1_0.description,
        al1_0.entity_id,
        al1_0.entity_type,
        al1_0.ip_address,
        al1_0.user_id 
    from
        activity_logs al1_0 
    order by
        al1_0.created_at desc
Hibernate: 
    /* <criteria> */ select
        u1_0.user_id,
        u1_0.avatar_url,
        u1_0.created_at,
        u1_0.email,
        u1_0.full_name,
        u1_0.last_login,
        u1_0.password_hash,
        u1_0.role,
        u1_0.status,
        u1_0.updated_at,
        u1_0.username 
    from
        users u1_0
Hibernate: 
    /* SELECT
        COUNT(cm) 
    FROM
        ChannelMember cm 
    WHERE
        cm.channel.channelId = :channelId */ select
            count_big(cm1_0.member_id) 
        from
            channel_members cm1_0 
        where
            cm1_0.channel_id=?
Hibernate: 
    select
        u1_0.user_id,
        u1_0.avatar_url,
        u1_0.created_at,
        u1_0.email,
        u1_0.full_name,
        u1_0.last_login,
        u1_0.password_hash,
        u1_0.role,
        u1_0.status,
        u1_0.updated_at,
        u1_0.username 
    from
        users u1_0 
    where
        u1_0.user_id=?
Hibernate: 
    select
        u1_0.user_id,
        u1_0.avatar_url,
        u1_0.created_at,
        u1_0.email,
        u1_0.full_name,
        u1_0.last_login,
        u1_0.password_hash,
        u1_0.role,
        u1_0.status,
        u1_0.updated_at,
        u1_0.username 
    from
        users u1_0 
    where
        u1_0.user_id=?
Hibernate: 
    /* <criteria> */ select
        u1_0.user_id,
        u1_0.avatar_url,
        u1_0.created_at,
        u1_0.email,
        u1_0.full_name,
        u1_0.last_login,
        u1_0.password_hash,
        u1_0.role,
        u1_0.status,
        u1_0.updated_at,
        u1_0.username 
    from
        users u1_0
Hibernate: 
    /* <criteria> */ select
        m1_0.message_id,
        m1_0.channel_id,
        m1_0.content,
        m1_0.created_at,
        m1_0.deleted_at,
        m1_0.deleted_by,
        m1_0.edited_at,
        m1_0.is_deleted,
        m1_0.message_type,
        m1_0.user_id 
    from
        messages m1_0
Hibernate: 
    select
        u1_0.user_id,
        u1_0.avatar_url,
        u1_0.created_at,
        u1_0.email,
        u1_0.full_name,
        u1_0.last_login,
        u1_0.password_hash,
        u1_0.role,
        u1_0.status,
        u1_0.updated_at,
        u1_0.username 
    from
        users u1_0 
    where
        u1_0.user_id=?
Hibernate: 
    select
        u1_0.user_id,
        u1_0.avatar_url,
        u1_0.created_at,
        u1_0.email,
        u1_0.full_name,
        u1_0.last_login,
        u1_0.password_hash,
        u1_0.role,
        u1_0.status,
        u1_0.updated_at,
        u1_0.username 
    from
        users u1_0 
    where
        u1_0.user_id=?
Hibernate: 
    /* select
        count(*) 
    from
        Task x */ select
            count_big(*) 
        from
            tasks t1_0
Hibernate: 
    select
        u1_0.user_id,
        u1_0.avatar_url,
        u1_0.created_at,
        u1_0.email,
        u1_0.full_name,
        u1_0.last_login,
        u1_0.password_hash,
        u1_0.role,
        u1_0.status,
        u1_0.updated_at,
        u1_0.username 
    from
        users u1_0 
    where
        u1_0.user_id=?
Hibernate: 
    select
        u1_0.user_id,
        u1_0.avatar_url,
        u1_0.created_at,
        u1_0.email,
        u1_0.full_name,
        u1_0.last_login,
        u1_0.password_hash,
        u1_0.role,
        u1_0.status,
        u1_0.updated_at,
        u1_0.username 
    from
        users u1_0 
    where
        u1_0.user_id=?
Hibernate: 
    select
        u1_0.user_id,
        u1_0.avatar_url,
        u1_0.created_at,
        u1_0.email,
        u1_0.full_name,
        u1_0.last_login,
        u1_0.password_hash,
        u1_0.role,
        u1_0.status,
        u1_0.updated_at,
        u1_0.username 
    from
        users u1_0 
    where
        u1_0.user_id=?
Hibernate: 
    /* <criteria> */ select
        t1_0.task_id,
        t1_0.channel_id,
        t1_0.created_at,
        t1_0.created_by,
        t1_0.message_id,
        t1_0.status,
        t1_0.task_type,
        t1_0.title 
    from
        tasks t1_0
Hibernate: 
    select
        c1_0.channel_id,
        c1_0.channel_name,
        c1_0.channel_type,
        c1_0.created_at,
        c1_0.created_by,
        cb1_0.user_id,
        cb1_0.avatar_url,
        cb1_0.created_at,
        cb1_0.email,
        cb1_0.full_name,
        cb1_0.last_login,
        cb1_0.password_hash,
        cb1_0.role,
        cb1_0.status,
        cb1_0.updated_at,
        cb1_0.username,
        c1_0.description,
        c1_0.is_active,
        c1_0.member_count,
        c1_0.message_count 
    from
        channels c1_0 
    join
        users cb1_0 
            on cb1_0.user_id=c1_0.created_by 
    where
        c1_0.channel_id=?
Hibernate: 
    select
        m1_0.message_id,
        m1_0.channel_id,
        c1_0.channel_id,
        c1_0.channel_name,
        c1_0.channel_type,
        c1_0.created_at,
        c1_0.created_by,
        cb1_0.user_id,
        cb1_0.avatar_url,
        cb1_0.created_at,
        cb1_0.email,
        cb1_0.full_name,
        cb1_0.last_login,
        cb1_0.password_hash,
        cb1_0.role,
        cb1_0.status,
        cb1_0.updated_at,
        cb1_0.username,
        c1_0.description,
        c1_0.is_active,
        c1_0.member_count,
        c1_0.message_count,
        m1_0.content,
        m1_0.created_at,
        m1_0.deleted_at,
        db1_0.user_id,
        db1_0.avatar_url,
        db1_0.created_at,
        db1_0.email,
        db1_0.full_name,
        db1_0.last_login,
        db1_0.password_hash,
        db1_0.role,
        db1_0.status,
        db1_0.updated_at,
        db1_0.username,
        m1_0.edited_at,
        m1_0.is_deleted,
        m1_0.message_type,
        m1_0.user_id,
        u1_0.user_id,
        u1_0.avatar_url,
        u1_0.created_at,
        u1_0.email,
        u1_0.full_name,
        u1_0.last_login,
        u1_0.password_hash,
        u1_0.role,
        u1_0.status,
        u1_0.updated_at,
        u1_0.username 
    from
        messages m1_0 
    join
        channels c1_0 
            on c1_0.channel_id=m1_0.channel_id 
    left join
        users cb1_0 
            on cb1_0.user_id=c1_0.created_by 
    left join
        users db1_0 
            on db1_0.user_id=m1_0.deleted_by 
    join
        users u1_0 
            on u1_0.user_id=m1_0.user_id 
    where
        m1_0.message_id=?
Hibernate: 
    /* SELECT
        COUNT(cm) 
    FROM
        ChannelMember cm 
    WHERE
        cm.channel.channelId = :channelId */ select
            count_big(cm1_0.member_id) 
        from
            channel_members cm1_0 
        where
            cm1_0.channel_id=?
Hibernate: 
    select
        c1_0.channel_id,
        c1_0.channel_name,
        c1_0.channel_type,
        c1_0.created_at,
        c1_0.created_by,
        cb1_0.user_id,
        cb1_0.avatar_url,
        cb1_0.created_at,
        cb1_0.email,
        cb1_0.full_name,
        cb1_0.last_login,
        cb1_0.password_hash,
        cb1_0.role,
        cb1_0.status,
        cb1_0.updated_at,
        cb1_0.username,
        c1_0.description,
        c1_0.is_active,
        c1_0.member_count,
        c1_0.message_count 
    from
        channels c1_0 
    join
        users cb1_0 
            on cb1_0.user_id=c1_0.created_by 
    where
        c1_0.channel_id=?
Hibernate: 
    select
        m1_0.message_id,
        m1_0.channel_id,
        c1_0.channel_id,
        c1_0.channel_name,
        c1_0.channel_type,
        c1_0.created_at,
        c1_0.created_by,
        cb1_0.user_id,
        cb1_0.avatar_url,
        cb1_0.created_at,
        cb1_0.email,
        cb1_0.full_name,
        cb1_0.last_login,
        cb1_0.password_hash,
        cb1_0.role,
        cb1_0.status,
        cb1_0.updated_at,
        cb1_0.username,
        c1_0.description,
        c1_0.is_active,
        c1_0.member_count,
        c1_0.message_count,
        m1_0.content,
        m1_0.created_at,
        m1_0.deleted_at,
        db1_0.user_id,
        db1_0.avatar_url,
        db1_0.created_at,
        db1_0.email,
        db1_0.full_name,
        db1_0.last_login,
        db1_0.password_hash,
        db1_0.role,
        db1_0.status,
        db1_0.updated_at,
        db1_0.username,
        m1_0.edited_at,
        m1_0.is_deleted,
        m1_0.message_type,
        m1_0.user_id,
        u1_0.user_id,
        u1_0.avatar_url,
        u1_0.created_at,
        u1_0.email,
        u1_0.full_name,
        u1_0.last_login,
        u1_0.password_hash,
        u1_0.role,
        u1_0.status,
        u1_0.updated_at,
        u1_0.username 
    from
        messages m1_0 
    join
        channels c1_0 
            on c1_0.channel_id=m1_0.channel_id 
    left join
        users cb1_0 
            on cb1_0.user_id=c1_0.created_by 
    left join
        users db1_0 
            on db1_0.user_id=m1_0.deleted_by 
    join
        users u1_0 
            on u1_0.user_id=m1_0.user_id 
    where
        m1_0.message_id=?
Hibernate: 
    /* <criteria> */ select
        m1_0.message_id,
        m1_0.channel_id,
        m1_0.content,
        m1_0.created_at,
        m1_0.deleted_at,
        m1_0.deleted_by,
        m1_0.edited_at,
        m1_0.is_deleted,
        m1_0.message_type,
        m1_0.user_id 
    from
        messages m1_0
Hibernate: 
    /* <criteria> */ select
        t1_0.task_id,
        t1_0.channel_id,
        t1_0.created_at,
        t1_0.created_by,
        t1_0.message_id,
        t1_0.status,
        t1_0.task_type,
        t1_0.title 
    from
        tasks t1_0
Hibernate: 
    /* SELECT
        COUNT(cm) 
    FROM
        ChannelMember cm 
    WHERE
        cm.channel.channelId = :channelId */ select
            count_big(cm1_0.member_id) 
        from
            channel_members cm1_0 
        where
            cm1_0.channel_id=?
Hibernate: 
    /* <criteria> */ select
        m1_0.message_id,
        m1_0.channel_id,
        m1_0.content,
        m1_0.created_at,
        m1_0.deleted_at,
        m1_0.deleted_by,
        m1_0.edited_at,
        m1_0.is_deleted,
        m1_0.message_type,
        m1_0.user_id 
    from
        messages m1_0
Hibernate: 
    /* SELECT
        COUNT(cm) 
    FROM
        ChannelMember cm 
    WHERE
        cm.channel.channelId = :channelId */ select
            count_big(cm1_0.member_id) 
        from
            channel_members cm1_0 
        where
            cm1_0.channel_id=?
Hibernate: 
    /* <criteria> */ select
        m1_0.message_id,
        m1_0.channel_id,
        m1_0.content,
        m1_0.created_at,
        m1_0.deleted_at,
        m1_0.deleted_by,
        m1_0.edited_at,
        m1_0.is_deleted,
        m1_0.message_type,
        m1_0.user_id 
    from
        messages m1_0
Hibernate: 
    /* SELECT
        COUNT(cm) 
    FROM
        ChannelMember cm 
    WHERE
        cm.channel.channelId = :channelId */ select
            count_big(cm1_0.member_id) 
        from
            channel_members cm1_0 
        where
            cm1_0.channel_id=?
Hibernate: 
    /* <criteria> */ select
        m1_0.message_id,
        m1_0.channel_id,
        m1_0.content,
        m1_0.created_at,
        m1_0.deleted_at,
        m1_0.deleted_by,
        m1_0.edited_at,
        m1_0.is_deleted,
        m1_0.message_type,
        m1_0.user_id 
    from
        messages m1_0
2026-04-16T15:09:40.702+07:00 DEBUG 30028 --- [nio-8080-exec-4] o.s.security.web.FilterChainProxy        : Securing GET /login.html
2026-04-16T15:09:40.709+07:00 DEBUG 30028 --- [nio-8080-exec-4] o.s.s.w.a.AnonymousAuthenticationFilter  : Set SecurityContextHolder to anonymous SecurityContext
2026-04-16T15:09:40.709+07:00 DEBUG 30028 --- [nio-8080-exec-4] o.s.s.w.session.SessionManagementFilter  : Request requested invalid session id 663CCA92533A2590FE9CDEA32266E912
2026-04-16T15:09:40.709+07:00 DEBUG 30028 --- [nio-8080-exec-4] o.s.security.web.FilterChainProxy        : Secured GET /login.html
2026-04-16T15:09:42.360+07:00 DEBUG 30028 --- [nio-8080-exec-2] o.s.security.web.FilterChainProxy        : Securing POST /api/auth/login
2026-04-16T15:09:42.379+07:00 DEBUG 30028 --- [nio-8080-exec-2] o.s.s.w.a.AnonymousAuthenticationFilter  : Set SecurityContextHolder to anonymous SecurityContext
2026-04-16T15:09:42.379+07:00 DEBUG 30028 --- [nio-8080-exec-2] o.s.s.w.session.SessionManagementFilter  : Request requested invalid session id 663CCA92533A2590FE9CDEA32266E912
2026-04-16T15:09:42.379+07:00 DEBUG 30028 --- [nio-8080-exec-2] o.s.security.web.FilterChainProxy        : Secured POST /api/auth/login
Hibernate: 
    /* <criteria> */ select
        u1_0.user_id,
        u1_0.avatar_url,
        u1_0.created_at,
        u1_0.email,
        u1_0.full_name,
        u1_0.last_login,
        u1_0.password_hash,
        u1_0.role,
        u1_0.status,
        u1_0.updated_at,
        u1_0.username 
    from
        users u1_0 
    where
        u1_0.username=?
2026-04-16T15:09:42.867+07:00 DEBUG 30028 --- [nio-8080-exec-1] o.s.security.web.FilterChainProxy        : Securing GET /admin-dashboard.html
2026-04-16T15:09:42.868+07:00 DEBUG 30028 --- [nio-8080-exec-1] o.s.s.w.a.AnonymousAuthenticationFilter  : Set SecurityContextHolder to anonymous SecurityContext
2026-04-16T15:09:42.868+07:00 DEBUG 30028 --- [nio-8080-exec-1] o.s.s.w.session.SessionManagementFilter  : Request requested invalid session id 663CCA92533A2590FE9CDEA32266E912
2026-04-16T15:09:42.869+07:00 DEBUG 30028 --- [nio-8080-exec-1] o.s.security.web.FilterChainProxy        : Secured GET /admin-dashboard.html
2026-04-16T15:09:42.913+07:00 DEBUG 30028 --- [io-8080-exec-10] o.s.security.web.FilterChainProxy        : Securing GET /api/admin/users
2026-04-16T15:09:42.915+07:00 DEBUG 30028 --- [nio-8080-exec-8] o.s.security.web.FilterChainProxy        : Securing GET /api/admin/logs?page=1&pageSize=5
2026-04-16T15:09:42.915+07:00 DEBUG 30028 --- [nio-8080-exec-8] o.s.s.w.a.AnonymousAuthenticationFilter  : Set SecurityContextHolder to anonymous SecurityContext
2026-04-16T15:09:42.915+07:00 DEBUG 30028 --- [nio-8080-exec-8] o.s.s.w.session.SessionManagementFilter  : Request requested invalid session id 663CCA92533A2590FE9CDEA32266E912
2026-04-16T15:09:42.915+07:00 DEBUG 30028 --- [nio-8080-exec-6] o.s.security.web.FilterChainProxy        : Securing GET /api/users/channels
2026-04-16T15:09:42.915+07:00 DEBUG 30028 --- [nio-8080-exec-9] o.s.security.web.FilterChainProxy        : Securing GET /api/admin/analytics
2026-04-16T15:09:42.915+07:00 DEBUG 30028 --- [io-8080-exec-10] o.s.s.w.a.AnonymousAuthenticationFilter  : Set SecurityContextHolder to anonymous SecurityContext
2026-04-16T15:09:42.915+07:00 DEBUG 30028 --- [io-8080-exec-10] o.s.s.w.session.SessionManagementFilter  : Request requested invalid session id 663CCA92533A2590FE9CDEA32266E912
2026-04-16T15:09:42.915+07:00 DEBUG 30028 --- [nio-8080-exec-9] o.s.s.w.a.AnonymousAuthenticationFilter  : Set SecurityContextHolder to anonymous SecurityContext
2026-04-16T15:09:42.915+07:00 DEBUG 30028 --- [io-8080-exec-10] o.s.security.web.FilterChainProxy        : Secured GET /api/admin/users
2026-04-16T15:09:42.915+07:00 DEBUG 30028 --- [nio-8080-exec-9] o.s.s.w.session.SessionManagementFilter  : Request requested invalid session id 663CCA92533A2590FE9CDEA32266E912
2026-04-16T15:09:42.915+07:00 DEBUG 30028 --- [nio-8080-exec-9] o.s.security.web.FilterChainProxy        : Secured GET /api/admin/analytics
2026-04-16T15:09:42.915+07:00 DEBUG 30028 --- [nio-8080-exec-8] o.s.security.web.FilterChainProxy        : Secured GET /api/admin/logs?page=1&pageSize=5
2026-04-16T15:09:42.915+07:00 DEBUG 30028 --- [nio-8080-exec-6] o.s.s.w.a.AnonymousAuthenticationFilter  : Set SecurityContextHolder to anonymous SecurityContext
2026-04-16T15:09:42.915+07:00 DEBUG 30028 --- [nio-8080-exec-6] o.s.s.w.session.SessionManagementFilter  : Request requested invalid session id 663CCA92533A2590FE9CDEA32266E912
2026-04-16T15:09:42.915+07:00 DEBUG 30028 --- [nio-8080-exec-6] o.s.security.web.FilterChainProxy        : Secured GET /api/users/channels
Hibernate: 
    /* <criteria> */ select
        u1_0.user_id,
        u1_0.avatar_url,
        u1_0.created_at,
        u1_0.email,
        u1_0.full_name,
        u1_0.last_login,
        u1_0.password_hash,
        u1_0.role,
        u1_0.status,
        u1_0.updated_at,
        u1_0.username 
    from
        users u1_0
Hibernate: 
    /* select
        count(*) 
    from
        User x */ select
            count_big(*) 
        from
            users u1_0
Hibernate: 
    /* <criteria> */ select
        c1_0.channel_id,
        c1_0.channel_name,
        c1_0.channel_type,
        c1_0.created_at,
        c1_0.created_by,
        c1_0.description,
        c1_0.is_active,
        c1_0.member_count,
        c1_0.message_count 
    from
        channels c1_0
Hibernate: 
    /* <criteria> */ select
        al1_0.log_id,
        al1_0.action,
        al1_0.created_at,
        al1_0.description,
        al1_0.entity_id,
        al1_0.entity_type,
        al1_0.ip_address,
        al1_0.user_id 
    from
        activity_logs al1_0 
    order by
        al1_0.created_at desc
Hibernate: 
    select
        u1_0.user_id,
        u1_0.avatar_url,
        u1_0.created_at,
        u1_0.email,
        u1_0.full_name,
        u1_0.last_login,
        u1_0.password_hash,
        u1_0.role,
        u1_0.status,
        u1_0.updated_at,
        u1_0.username 
    from
        users u1_0 
    where
        u1_0.user_id=?
Hibernate: 
    select
        u1_0.user_id,
        u1_0.avatar_url,
        u1_0.created_at,
        u1_0.email,
        u1_0.full_name,
        u1_0.last_login,
        u1_0.password_hash,
        u1_0.role,
        u1_0.status,
        u1_0.updated_at,
        u1_0.username 
    from
        users u1_0 
    where
        u1_0.user_id=?
Hibernate: 
    /* select
        count(*) 
    from
        Channel x */ select
            count_big(*) 
        from
            channels c1_0
Hibernate: 
    select
        u1_0.user_id,
        u1_0.avatar_url,
        u1_0.created_at,
        u1_0.email,
        u1_0.full_name,
        u1_0.last_login,
        u1_0.password_hash,
        u1_0.role,
        u1_0.status,
        u1_0.updated_at,
        u1_0.username 
    from
        users u1_0 
    where
        u1_0.user_id=?
Hibernate: 
    /* SELECT
        COUNT(cm) 
    FROM
        ChannelMember cm 
    WHERE
        cm.channel.channelId = :channelId */ select
            count_big(cm1_0.member_id) 
        from
            channel_members cm1_0 
        where
            cm1_0.channel_id=?
Hibernate: 
    /* select
        count(*) 
    from
        Message x */ select
            count_big(*) 
        from
            messages m1_0
Hibernate: 
    /* <criteria> */ select
        m1_0.message_id,
        m1_0.channel_id,
        m1_0.content,
        m1_0.created_at,
        m1_0.deleted_at,
        m1_0.deleted_by,
        m1_0.edited_at,
        m1_0.is_deleted,
        m1_0.message_type,
        m1_0.user_id 
    from
        messages m1_0
Hibernate: 
    select
        u1_0.user_id,
        u1_0.avatar_url,
        u1_0.created_at,
        u1_0.email,
        u1_0.full_name,
        u1_0.last_login,
        u1_0.password_hash,
        u1_0.role,
        u1_0.status,
        u1_0.updated_at,
        u1_0.username 
    from
        users u1_0 
    where
        u1_0.user_id=?
[DEBUG] userRepository.count() = 7
[DEBUG] channelRepository.count() = 5
[DEBUG] messageRepository.count() = 10
Hibernate: 
    select
        u1_0.user_id,
        u1_0.avatar_url,
        u1_0.created_at,
        u1_0.email,
        u1_0.full_name,
        u1_0.last_login,
        u1_0.password_hash,
        u1_0.role,
        u1_0.status,
        u1_0.updated_at,
        u1_0.username 
    from
        users u1_0 
    where
        u1_0.user_id=?
Hibernate: 
    /* <criteria> */ select
        u1_0.user_id,
        u1_0.avatar_url,
        u1_0.created_at,
        u1_0.email,
        u1_0.full_name,
        u1_0.last_login,
        u1_0.password_hash,
        u1_0.role,
        u1_0.status,
        u1_0.updated_at,
        u1_0.username 
    from
        users u1_0
Hibernate: 
    select
        u1_0.user_id,
        u1_0.avatar_url,
        u1_0.created_at,
        u1_0.email,
        u1_0.full_name,
        u1_0.last_login,
        u1_0.password_hash,
        u1_0.role,
        u1_0.status,
        u1_0.updated_at,
        u1_0.username 
    from
        users u1_0 
    where
        u1_0.user_id=?
Hibernate: 
    select
        u1_0.user_id,
        u1_0.avatar_url,
        u1_0.created_at,
        u1_0.email,
        u1_0.full_name,
        u1_0.last_login,
        u1_0.password_hash,
        u1_0.role,
        u1_0.status,
        u1_0.updated_at,
        u1_0.username 
    from
        users u1_0 
    where
        u1_0.user_id=?
Hibernate: 
    select
        u1_0.user_id,
        u1_0.avatar_url,
        u1_0.created_at,
        u1_0.email,
        u1_0.full_name,
        u1_0.last_login,
        u1_0.password_hash,
        u1_0.role,
        u1_0.status,
        u1_0.updated_at,
        u1_0.username 
    from
        users u1_0 
    where
        u1_0.user_id=?
Hibernate: 
    /* <criteria> */ select
        u1_0.user_id,
        u1_0.avatar_url,
        u1_0.created_at,
        u1_0.email,
        u1_0.full_name,
        u1_0.last_login,
        u1_0.password_hash,
        u1_0.role,
        u1_0.status,
        u1_0.updated_at,
        u1_0.username 
    from
        users u1_0
Hibernate: 
    /* select
        count(*) 
    from
        Task x */ select
            count_big(*) 
        from
            tasks t1_0
Hibernate: 
    /* SELECT
        COUNT(cm) 
    FROM
        ChannelMember cm 
    WHERE
        cm.channel.channelId = :channelId */ select
            count_big(cm1_0.member_id) 
        from
            channel_members cm1_0 
        where
            cm1_0.channel_id=?
Hibernate: 
    /* <criteria> */ select
        t1_0.task_id,
        t1_0.channel_id,
        t1_0.created_at,
        t1_0.created_by,
        t1_0.message_id,
        t1_0.status,
        t1_0.task_type,
        t1_0.title 
    from
        tasks t1_0
Hibernate: 
    /* <criteria> */ select
        m1_0.message_id,
        m1_0.channel_id,
        m1_0.content,
        m1_0.created_at,
        m1_0.deleted_at,
        m1_0.deleted_by,
        m1_0.edited_at,
        m1_0.is_deleted,
        m1_0.message_type,
        m1_0.user_id 
    from
        messages m1_0
Hibernate: 
    select
        c1_0.channel_id,
        c1_0.channel_name,
        c1_0.channel_type,
        c1_0.created_at,
        c1_0.created_by,
        cb1_0.user_id,
        cb1_0.avatar_url,
        cb1_0.created_at,
        cb1_0.email,
        cb1_0.full_name,
        cb1_0.last_login,
        cb1_0.password_hash,
        cb1_0.role,
        cb1_0.status,
        cb1_0.updated_at,
        cb1_0.username,
        c1_0.description,
        c1_0.is_active,
        c1_0.member_count,
        c1_0.message_count 
    from
        channels c1_0 
    join
        users cb1_0 
            on cb1_0.user_id=c1_0.created_by 
    where
        c1_0.channel_id=?
Hibernate: 
    /* SELECT
        COUNT(cm) 
    FROM
        ChannelMember cm 
    WHERE
        cm.channel.channelId = :channelId */ select
            count_big(cm1_0.member_id) 
        from
            channel_members cm1_0 
        where
            cm1_0.channel_id=?
Hibernate: 
    select
        m1_0.message_id,
        m1_0.channel_id,
        c1_0.channel_id,
        c1_0.channel_name,
        c1_0.channel_type,
        c1_0.created_at,
        c1_0.created_by,
        cb1_0.user_id,
        cb1_0.avatar_url,
        cb1_0.created_at,
        cb1_0.email,
        cb1_0.full_name,
        cb1_0.last_login,
        cb1_0.password_hash,
        cb1_0.role,
        cb1_0.status,
        cb1_0.updated_at,
        cb1_0.username,
        c1_0.description,
        c1_0.is_active,
        c1_0.member_count,
        c1_0.message_count,
        m1_0.content,
        m1_0.created_at,
        m1_0.deleted_at,
        db1_0.user_id,
        db1_0.avatar_url,
        db1_0.created_at,
        db1_0.email,
        db1_0.full_name,
        db1_0.last_login,
        db1_0.password_hash,
        db1_0.role,
        db1_0.status,
        db1_0.updated_at,
        db1_0.username,
        m1_0.edited_at,
        m1_0.is_deleted,
        m1_0.message_type,
        m1_0.user_id,
        u1_0.user_id,
        u1_0.avatar_url,
        u1_0.created_at,
        u1_0.email,
        u1_0.full_name,
        u1_0.last_login,
        u1_0.password_hash,
        u1_0.role,
        u1_0.status,
        u1_0.updated_at,
        u1_0.username 
    from
        messages m1_0 
    join
        channels c1_0 
            on c1_0.channel_id=m1_0.channel_id 
    left join
        users cb1_0 
            on cb1_0.user_id=c1_0.created_by 
    left join
        users db1_0 
            on db1_0.user_id=m1_0.deleted_by 
    join
        users u1_0 
            on u1_0.user_id=m1_0.user_id 
    where
        m1_0.message_id=?
Hibernate: 
    select
        c1_0.channel_id,
        c1_0.channel_name,
        c1_0.channel_type,
        c1_0.created_at,
        c1_0.created_by,
        cb1_0.user_id,
        cb1_0.avatar_url,
        cb1_0.created_at,
        cb1_0.email,
        cb1_0.full_name,
        cb1_0.last_login,
        cb1_0.password_hash,
        cb1_0.role,
        cb1_0.status,
        cb1_0.updated_at,
        cb1_0.username,
        c1_0.description,
        c1_0.is_active,
        c1_0.member_count,
        c1_0.message_count 
    from
        channels c1_0 
    join
        users cb1_0 
            on cb1_0.user_id=c1_0.created_by 
    where
        c1_0.channel_id=?
Hibernate: 
    /* <criteria> */ select
        m1_0.message_id,
        m1_0.channel_id,
        m1_0.content,
        m1_0.created_at,
        m1_0.deleted_at,
        m1_0.deleted_by,
        m1_0.edited_at,
        m1_0.is_deleted,
        m1_0.message_type,
        m1_0.user_id 
    from
        messages m1_0
Hibernate: 
    select
        m1_0.message_id,
        m1_0.channel_id,
        c1_0.channel_id,
        c1_0.channel_name,
        c1_0.channel_type,
        c1_0.created_at,
        c1_0.created_by,
        cb1_0.user_id,
        cb1_0.avatar_url,
        cb1_0.created_at,
        cb1_0.email,
        cb1_0.full_name,
        cb1_0.last_login,
        cb1_0.password_hash,
        cb1_0.role,
        cb1_0.status,
        cb1_0.updated_at,
        cb1_0.username,
        c1_0.description,
        c1_0.is_active,
        c1_0.member_count,
        c1_0.message_count,
        m1_0.content,
        m1_0.created_at,
        m1_0.deleted_at,
        db1_0.user_id,
        db1_0.avatar_url,
        db1_0.created_at,
        db1_0.email,
        db1_0.full_name,
        db1_0.last_login,
        db1_0.password_hash,
        db1_0.role,
        db1_0.status,
        db1_0.updated_at,
        db1_0.username,
        m1_0.edited_at,
        m1_0.is_deleted,
        m1_0.message_type,
        m1_0.user_id,
        u1_0.user_id,
        u1_0.avatar_url,
        u1_0.created_at,
        u1_0.email,
        u1_0.full_name,
        u1_0.last_login,
        u1_0.password_hash,
        u1_0.role,
        u1_0.status,
        u1_0.updated_at,
        u1_0.username 
    from
        messages m1_0 
    join
        channels c1_0 
            on c1_0.channel_id=m1_0.channel_id 
    left join
        users cb1_0 
            on cb1_0.user_id=c1_0.created_by 
    left join
        users db1_0 
            on db1_0.user_id=m1_0.deleted_by 
    join
        users u1_0 
            on u1_0.user_id=m1_0.user_id 
    where
        m1_0.message_id=?
Hibernate: 
    /* SELECT
        COUNT(cm) 
    FROM
        ChannelMember cm 
    WHERE
        cm.channel.channelId = :channelId */ select
            count_big(cm1_0.member_id) 
        from
            channel_members cm1_0 
        where
            cm1_0.channel_id=?
Hibernate: 
    /* <criteria> */ select
        t1_0.task_id,
        t1_0.channel_id,
        t1_0.created_at,
        t1_0.created_by,
        t1_0.message_id,
        t1_0.status,
        t1_0.task_type,
        t1_0.title 
    from
        tasks t1_0
Hibernate: 
    /* <criteria> */ select
        m1_0.message_id,
        m1_0.channel_id,
        m1_0.content,
        m1_0.created_at,
        m1_0.deleted_at,
        m1_0.deleted_by,
        m1_0.edited_at,
        m1_0.is_deleted,
        m1_0.message_type,
        m1_0.user_id 
    from
        messages m1_0
Hibernate: 
    /* SELECT
        COUNT(cm) 
    FROM
        ChannelMember cm 
    WHERE
        cm.channel.channelId = :channelId */ select
            count_big(cm1_0.member_id) 
        from
            channel_members cm1_0 
        where
            cm1_0.channel_id=?
Hibernate: 
    /* <criteria> */ select
        m1_0.message_id,
        m1_0.channel_id,
        m1_0.content,
        m1_0.created_at,
        m1_0.deleted_at,
        m1_0.deleted_by,
        m1_0.edited_at,
        m1_0.is_deleted,
        m1_0.message_type,
        m1_0.user_id 
    from
        messages m1_0
2026-04-16T15:09:45.491+07:00 DEBUG 30028 --- [nio-8080-exec-3] o.s.security.web.FilterChainProxy        : Securing GET /login.html
2026-04-16T15:09:45.492+07:00 DEBUG 30028 --- [nio-8080-exec-3] o.s.s.w.a.AnonymousAuthenticationFilter  : Set SecurityContextHolder to anonymous SecurityContext
2026-04-16T15:09:45.492+07:00 DEBUG 30028 --- [nio-8080-exec-3] o.s.s.w.session.SessionManagementFilter  : Request requested invalid session id 663CCA92533A2590FE9CDEA32266E912
2026-04-16T15:09:45.492+07:00 DEBUG 30028 --- [nio-8080-exec-3] o.s.security.web.FilterChainProxy        : Secured GET /login.html
2026-04-16T15:09:55.780+07:00 DEBUG 30028 --- [nio-8080-exec-5] o.s.security.web.FilterChainProxy        : Securing POST /api/auth/login
2026-04-16T15:09:55.785+07:00 DEBUG 30028 --- [nio-8080-exec-5] o.s.s.w.a.AnonymousAuthenticationFilter  : Set SecurityContextHolder to anonymous SecurityContext
2026-04-16T15:09:55.785+07:00 DEBUG 30028 --- [nio-8080-exec-5] o.s.s.w.session.SessionManagementFilter  : Request requested invalid session id 663CCA92533A2590FE9CDEA32266E912
2026-04-16T15:09:55.785+07:00 DEBUG 30028 --- [nio-8080-exec-5] o.s.security.web.FilterChainProxy        : Secured POST /api/auth/login
Hibernate: 
    /* <criteria> */ select
        u1_0.user_id,
        u1_0.avatar_url,
        u1_0.created_at,
        u1_0.email,
        u1_0.full_name,
        u1_0.last_login,
        u1_0.password_hash,
        u1_0.role,
        u1_0.status,
        u1_0.updated_at,
        u1_0.username 
    from
        users u1_0 
    where
        u1_0.username=?
2026-04-16T15:09:56.017+07:00 DEBUG 30028 --- [nio-8080-exec-7] o.s.security.web.FilterChainProxy        : Securing GET /chat.html
2026-04-16T15:09:56.017+07:00 DEBUG 30028 --- [nio-8080-exec-7] o.s.s.w.a.AnonymousAuthenticationFilter  : Set SecurityContextHolder to anonymous SecurityContext
2026-04-16T15:09:56.017+07:00 DEBUG 30028 --- [nio-8080-exec-7] o.s.s.w.session.SessionManagementFilter  : Request requested invalid session id 663CCA92533A2590FE9CDEA32266E912
2026-04-16T15:09:56.018+07:00 DEBUG 30028 --- [nio-8080-exec-7] o.s.security.web.FilterChainProxy        : Secured GET /chat.html
