[INFO] Scanning for projects...
[INFO] 
[INFO] -----------------< com.simplechat:SimpleChatWebSocket >-----------------
[INFO] Building SimpleChatWebSocket 1.0-SNAPSHOT
[INFO]   from pom.xml
[INFO] --------------------------------[ war ]---------------------------------
[INFO] 
[INFO] --- exec:3.1.0:java (default-cli) @ SimpleChatWebSocket ---

  .   ____          _            __ _ _
 /\\ / ___'_ __ _ _(_)_ __  __ _ \ \ \ \
( ( )\___ | '_ | '_| | '_ \/ _` | \ \ \ \
 \\/  ___)| |_)| | | | | || (_| |  ) ) ) )
  '  |____| .__|_| |_|_| |_\__, | / / / /
 =========|_|==============|___/=/_/_/_/
 :: Spring Boot ::                (v3.2.4)

2026-04-11T23:22:31.971+07:00  INFO 10388 --- [lication.main()] com.simplechat.SimpleChatApplication     : Starting SimpleChatApplication using Java 21.0.9 with PID 10388 (D:\HK225\LAP_TRINH_MANG\THUC_HANH\CHAT\WEB_CHAT\SimpleChatWebSocket\target\classes started by ADMIN in D:\HK225\LAP_TRINH_MANG\THUC_HANH\CHAT\WEB_CHAT\SimpleChatWebSocket)
2026-04-11T23:22:31.973+07:00 DEBUG 10388 --- [lication.main()] com.simplechat.SimpleChatApplication     : Running with Spring Boot v3.2.4, Spring v6.1.5
2026-04-11T23:22:31.973+07:00  INFO 10388 --- [lication.main()] com.simplechat.SimpleChatApplication     : No active profile set, falling back to 1 default profile: "default"
2026-04-11T23:22:34.347+07:00  WARN 10388 --- [lication.main()] org.hibernate.orm.deprecation            : HHH90000025: SQLServerDialect does not need to be specified explicitly using 'hibernate.dialect' (remove the property setting and it will be selected by default)
2026-04-11T23:22:37.416+07:00  WARN 10388 --- [lication.main()] JpaBaseConfiguration$JpaWebConfiguration : spring.jpa.open-in-view is enabled by default. Therefore, database queries may be performed during view rendering. Explicitly configure spring.jpa.open-in-view to disable this warning
2026-04-11T23:22:37.993+07:00  WARN 10388 --- [lication.main()] .s.s.UserDetailsServiceAutoConfiguration : 

Using generated security password: 69947c5c-398b-4162-8f92-8f9abd72b3a2

This generated password is for development use only. Your security configuration must be updated before running your application in production.

2026-04-11T23:22:38.142+07:00  WARN 10388 --- [lication.main()] ConfigServletWebServerApplicationContext : Exception encountered during context initialization - cancelling refresh attempt: org.springframework.context.ApplicationContextException: Failed to start bean 'webServerStartStop'
2026-04-11T23:22:38.209+07:00 ERROR 10388 --- [lication.main()] o.s.b.d.LoggingFailureAnalysisReporter   : 

***************************
APPLICATION FAILED TO START
***************************

Description:

Web server failed to start. Port 8080 was already in use.

Action:

Identify and stop the process that's listening on port 8080 or configure this application to listen on another port.

[WARNING] 
org.springframework.context.ApplicationContextException: Failed to start bean 'webServerStartStop'
    at org.springframework.context.support.DefaultLifecycleProcessor.doStart (DefaultLifecycleProcessor.java:291)
    at org.springframework.context.support.DefaultLifecycleProcessor$LifecycleGroup.start (DefaultLifecycleProcessor.java:471)
    at java.lang.Iterable.forEach (Iterable.java:75)
    at org.springframework.context.support.DefaultLifecycleProcessor.startBeans (DefaultLifecycleProcessor.java:260)
    at org.springframework.context.support.DefaultLifecycleProcessor.onRefresh (DefaultLifecycleProcessor.java:205)
    at org.springframework.context.support.AbstractApplicationContext.finishRefresh (AbstractApplicationContext.java:981)
    at org.springframework.context.support.AbstractApplicationContext.refresh (AbstractApplicationContext.java:627)
    at org.springframework.boot.web.servlet.context.ServletWebServerApplicationContext.refresh (ServletWebServerApplicationContext.java:146)
    at org.springframework.boot.SpringApplication.refresh (SpringApplication.java:754)
    at org.springframework.boot.SpringApplication.refreshContext (SpringApplication.java:456)
    at org.springframework.boot.SpringApplication.run (SpringApplication.java:334)
    at org.springframework.boot.SpringApplication.run (SpringApplication.java:1354)
    at org.springframework.boot.SpringApplication.run (SpringApplication.java:1343)
    at com.simplechat.SimpleChatApplication.main (SimpleChatApplication.java:27)
    at org.codehaus.mojo.exec.ExecJavaMojo$1.run (ExecJavaMojo.java:279)
    at java.lang.Thread.run (Thread.java:1583)
Caused by: org.springframework.boot.web.server.PortInUseException: Port 8080 is already in use
    at org.springframework.boot.web.server.PortInUseException.lambda$throwIfPortBindingException$0 (PortInUseException.java:70)
    at org.springframework.boot.web.server.PortInUseException.lambda$ifPortBindingException$1 (PortInUseException.java:85)
    at org.springframework.boot.web.server.PortInUseException.ifCausedBy (PortInUseException.java:103)
    at org.springframework.boot.web.server.PortInUseException.ifPortBindingException (PortInUseException.java:82)
    at org.springframework.boot.web.server.PortInUseException.throwIfPortBindingException (PortInUseException.java:69)
    at org.springframework.boot.web.embedded.tomcat.TomcatWebServer.start (TomcatWebServer.java:248)
    at org.springframework.boot.web.servlet.context.WebServerStartStopLifecycle.start (WebServerStartStopLifecycle.java:44)
    at org.springframework.context.support.DefaultLifecycleProcessor.doStart (DefaultLifecycleProcessor.java:288)
    at org.springframework.context.support.DefaultLifecycleProcessor$LifecycleGroup.start (DefaultLifecycleProcessor.java:471)
    at java.lang.Iterable.forEach (Iterable.java:75)
    at org.springframework.context.support.DefaultLifecycleProcessor.startBeans (DefaultLifecycleProcessor.java:260)
    at org.springframework.context.support.DefaultLifecycleProcessor.onRefresh (DefaultLifecycleProcessor.java:205)
    at org.springframework.context.support.AbstractApplicationContext.finishRefresh (AbstractApplicationContext.java:981)
    at org.springframework.context.support.AbstractApplicationContext.refresh (AbstractApplicationContext.java:627)
    at org.springframework.boot.web.servlet.context.ServletWebServerApplicationContext.refresh (ServletWebServerApplicationContext.java:146)
    at org.springframework.boot.SpringApplication.refresh (SpringApplication.java:754)
    at org.springframework.boot.SpringApplication.refreshContext (SpringApplication.java:456)
    at org.springframework.boot.SpringApplication.run (SpringApplication.java:334)
    at org.springframework.boot.SpringApplication.run (SpringApplication.java:1354)
    at org.springframework.boot.SpringApplication.run (SpringApplication.java:1343)
    at com.simplechat.SimpleChatApplication.main (SimpleChatApplication.java:27)
    at org.codehaus.mojo.exec.ExecJavaMojo$1.run (ExecJavaMojo.java:279)
    at java.lang.Thread.run (Thread.java:1583)
Caused by: java.lang.IllegalArgumentException: standardService.connector.startFailed
    at org.apache.catalina.core.StandardService.addConnector (StandardService.java:235)
    at org.springframework.boot.web.embedded.tomcat.TomcatWebServer.addPreviouslyRemovedConnectors (TomcatWebServer.java:306)
    at org.springframework.boot.web.embedded.tomcat.TomcatWebServer.start (TomcatWebServer.java:234)
    at org.springframework.boot.web.servlet.context.WebServerStartStopLifecycle.start (WebServerStartStopLifecycle.java:44)
    at org.springframework.context.support.DefaultLifecycleProcessor.doStart (DefaultLifecycleProcessor.java:288)
    at org.springframework.context.support.DefaultLifecycleProcessor$LifecycleGroup.start (DefaultLifecycleProcessor.java:471)
    at java.lang.Iterable.forEach (Iterable.java:75)
    at org.springframework.context.support.DefaultLifecycleProcessor.startBeans (DefaultLifecycleProcessor.java:260)
    at org.springframework.context.support.DefaultLifecycleProcessor.onRefresh (DefaultLifecycleProcessor.java:205)
    at org.springframework.context.support.AbstractApplicationContext.finishRefresh (AbstractApplicationContext.java:981)
    at org.springframework.context.support.AbstractApplicationContext.refresh (AbstractApplicationContext.java:627)
    at org.springframework.boot.web.servlet.context.ServletWebServerApplicationContext.refresh (ServletWebServerApplicationContext.java:146)
    at org.springframework.boot.SpringApplication.refresh (SpringApplication.java:754)
    at org.springframework.boot.SpringApplication.refreshContext (SpringApplication.java:456)
    at org.springframework.boot.SpringApplication.run (SpringApplication.java:334)
    at org.springframework.boot.SpringApplication.run (SpringApplication.java:1354)
    at org.springframework.boot.SpringApplication.run (SpringApplication.java:1343)
    at com.simplechat.SimpleChatApplication.main (SimpleChatApplication.java:27)
    at org.codehaus.mojo.exec.ExecJavaMojo$1.run (ExecJavaMojo.java:279)
    at java.lang.Thread.run (Thread.java:1583)
Caused by: org.apache.catalina.LifecycleException: Protocol handler start failed
    at org.apache.catalina.connector.Connector.startInternal (Connector.java:1046)
    at org.apache.catalina.util.LifecycleBase.start (LifecycleBase.java:171)
    at org.apache.catalina.core.StandardService.addConnector (StandardService.java:232)
    at org.springframework.boot.web.embedded.tomcat.TomcatWebServer.addPreviouslyRemovedConnectors (TomcatWebServer.java:306)
    at org.springframework.boot.web.embedded.tomcat.TomcatWebServer.start (TomcatWebServer.java:234)
    at org.springframework.boot.web.servlet.context.WebServerStartStopLifecycle.start (WebServerStartStopLifecycle.java:44)
    at org.springframework.context.support.DefaultLifecycleProcessor.doStart (DefaultLifecycleProcessor.java:288)
    at org.springframework.context.support.DefaultLifecycleProcessor$LifecycleGroup.start (DefaultLifecycleProcessor.java:471)
    at java.lang.Iterable.forEach (Iterable.java:75)
    at org.springframework.context.support.DefaultLifecycleProcessor.startBeans (DefaultLifecycleProcessor.java:260)
    at org.springframework.context.support.DefaultLifecycleProcessor.onRefresh (DefaultLifecycleProcessor.java:205)
    at org.springframework.context.support.AbstractApplicationContext.finishRefresh (AbstractApplicationContext.java:981)
    at org.springframework.context.support.AbstractApplicationContext.refresh (AbstractApplicationContext.java:627)
    at org.springframework.boot.web.servlet.context.ServletWebServerApplicationContext.refresh (ServletWebServerApplicationContext.java:146)
    at org.springframework.boot.SpringApplication.refresh (SpringApplication.java:754)
    at org.springframework.boot.SpringApplication.refreshContext (SpringApplication.java:456)
    at org.springframework.boot.SpringApplication.run (SpringApplication.java:334)
    at org.springframework.boot.SpringApplication.run (SpringApplication.java:1354)
    at org.springframework.boot.SpringApplication.run (SpringApplication.java:1343)
    at com.simplechat.SimpleChatApplication.main (SimpleChatApplication.java:27)
    at org.codehaus.mojo.exec.ExecJavaMojo$1.run (ExecJavaMojo.java:279)
    at java.lang.Thread.run (Thread.java:1583)
Caused by: java.net.BindException: Address already in use: bind
    at sun.nio.ch.Net.bind0 (Native Method)
    at sun.nio.ch.Net.bind (Net.java:573)
    at sun.nio.ch.ServerSocketChannelImpl.netBind (ServerSocketChannelImpl.java:344)
    at sun.nio.ch.ServerSocketChannelImpl.bind (ServerSocketChannelImpl.java:301)
    at org.apache.tomcat.util.net.NioEndpoint.initServerSocket (NioEndpoint.java:247)
    at org.apache.tomcat.util.net.NioEndpoint.bind (NioEndpoint.java:202)
    at org.apache.tomcat.util.net.AbstractEndpoint.bindWithCleanup (AbstractEndpoint.java:1282)
    at org.apache.tomcat.util.net.AbstractEndpoint.start (AbstractEndpoint.java:1368)
    at org.apache.coyote.AbstractProtocol.start (AbstractProtocol.java:635)
    at org.apache.catalina.connector.Connector.startInternal (Connector.java:1043)
    at org.apache.catalina.util.LifecycleBase.start (LifecycleBase.java:171)
    at org.apache.catalina.core.StandardService.addConnector (StandardService.java:232)
    at org.springframework.boot.web.embedded.tomcat.TomcatWebServer.addPreviouslyRemovedConnectors (TomcatWebServer.java:306)
    at org.springframework.boot.web.embedded.tomcat.TomcatWebServer.start (TomcatWebServer.java:234)
    at org.springframework.boot.web.servlet.context.WebServerStartStopLifecycle.start (WebServerStartStopLifecycle.java:44)
    at org.springframework.context.support.DefaultLifecycleProcessor.doStart (DefaultLifecycleProcessor.java:288)
    at org.springframework.context.support.DefaultLifecycleProcessor$LifecycleGroup.start (DefaultLifecycleProcessor.java:471)
    at java.lang.Iterable.forEach (Iterable.java:75)
    at org.springframework.context.support.DefaultLifecycleProcessor.startBeans (DefaultLifecycleProcessor.java:260)
    at org.springframework.context.support.DefaultLifecycleProcessor.onRefresh (DefaultLifecycleProcessor.java:205)
    at org.springframework.context.support.AbstractApplicationContext.finishRefresh (AbstractApplicationContext.java:981)
    at org.springframework.context.support.AbstractApplicationContext.refresh (AbstractApplicationContext.java:627)
    at org.springframework.boot.web.servlet.context.ServletWebServerApplicationContext.refresh (ServletWebServerApplicationContext.java:146)
    at org.springframework.boot.SpringApplication.refresh (SpringApplication.java:754)
    at org.springframework.boot.SpringApplication.refreshContext (SpringApplication.java:456)
    at org.springframework.boot.SpringApplication.run (SpringApplication.java:334)
    at org.springframework.boot.SpringApplication.run (SpringApplication.java:1354)
    at org.springframework.boot.SpringApplication.run (SpringApplication.java:1343)
    at com.simplechat.SimpleChatApplication.main (SimpleChatApplication.java:27)
    at org.codehaus.mojo.exec.ExecJavaMojo$1.run (ExecJavaMojo.java:279)
    at java.lang.Thread.run (Thread.java:1583)
[INFO] ------------------------------------------------------------------------
[INFO] BUILD FAILURE
[INFO] ------------------------------------------------------------------------
[INFO] Total time:  7.469 s
[INFO] Finished at: 2026-04-11T23:22:38+07:00
[INFO] ------------------------------------------------------------------------
[ERROR] Failed to execute goal org.codehaus.mojo:exec-maven-plugin:3.1.0:java (default-cli) on project SimpleChatWebSocket: An exception occurred while executing the Java class. Failed to start bean 'webServerStartStop': Port 8080 is already in use: standardService.connector.startFailed: Protocol handler start failed: Address already in use: bind -> [Help 1]
[ERROR] 
[ERROR] To see the full stack trace of the errors, re-run Maven with the -e switch.
[ERROR] Re-run Maven using the -X switch to enable full debug logging.
[ERROR] 
[ERROR] For more information about the errors and possible solutions, please read the following articles:
[ERROR] [Help 1] http://cwiki.apache.org/confluence/display/MAVEN/MojoExecutionException
